Determining if the pthread_create exist failed with the following output:
Change Dir: /home/harshil/ws_moveit/build/bot_assembly_gazebo/CMakeFiles/CMakeTmp

Run Build Command:"/usr/bin/make" "cmTC_5efbc/fast"
/usr/bin/make -f CMakeFiles/cmTC_5efbc.dir/build.make CMakeFiles/cmTC_5efbc.dir/build
make[1]: Entering directory '/home/harshil/ws_moveit/build/bot_assembly_gazebo/CMakeFiles/CMakeTmp'
Building C object CMakeFiles/cmTC_5efbc.dir/CheckSymbolExists.c.o
/usr/bin/cc    -o CMakeFiles/cmTC_5efbc.dir/CheckSymbolExists.c.o   -c /home/harshil/ws_moveit/build/bot_assembly_gazebo/CMakeFiles/CMakeTmp/CheckSymbolExists.c
Linking C executable cmTC_5efbc
/usr/bin/cmake -E cmake_link_script CMakeFiles/cmTC_5efbc.dir/link.txt --verbose=1
/usr/bin/cc      -rdynamic CMakeFiles/cmTC_5efbc.dir/CheckSymbolExists.c.o  -o cmTC_5efbc 
CMakeFiles/cmTC_5efbc.dir/CheckSymbolExists.c.o: In function `main':
CheckSymbolExists.c:(.text+0x1b): undefined reference to `pthread_create'
collect2: error: ld returned 1 exit status
CMakeFiles/cmTC_5efbc.dir/build.make:97: recipe for target 'cmTC_5efbc' failed
make[1]: *** [cmTC_5efbc] Error 1
make[1]: Leaving directory '/home/harshil/ws_moveit/build/bot_assembly_gazebo/CMakeFiles/CMakeTmp'
Makefile:126: recipe for target 'cmTC_5efbc/fast' failed
make: *** [cmTC_5efbc/fast] Error 2

File /home/harshil/ws_moveit/build/bot_assembly_gazebo/CMakeFiles/CMakeTmp/CheckSymbolExists.c:
/* */
#include <pthread.h>

int main(int argc, char** argv)
{
  (void)argv;
#ifndef pthread_create
  return ((int*)(&pthread_create))[argc];
#else
  (void)argc;
  return 0;
#endif
}

Determining if the function pthread_create exists in the pthreads failed with the following output:
Change Dir: /home/harshil/ws_moveit/build/bot_assembly_gazebo/CMakeFiles/CMakeTmp

Run Build Command:"/usr/bin/make" "cmTC_dee6c/fast"
/usr/bin/make -f CMakeFiles/cmTC_dee6c.dir/build.make CMakeFiles/cmTC_dee6c.dir/build
make[1]: Entering directory '/home/harshil/ws_moveit/build/bot_assembly_gazebo/CMakeFiles/CMakeTmp'
Building C object CMakeFiles/cmTC_dee6c.dir/CheckFunctionExists.c.o
/usr/bin/cc   -DCHECK_FUNCTION_EXISTS=pthread_create   -o CMakeFiles/cmTC_dee6c.dir/CheckFunctionExists.c.o   -c /usr/share/cmake-3.10/Modules/CheckFunctionExists.c
Linking C executable cmTC_dee6c
/usr/bin/cmake -E cmake_link_script CMakeFiles/cmTC_dee6c.dir/link.txt --verbose=1
/usr/bin/cc  -DCHECK_FUNCTION_EXISTS=pthread_create    -rdynamic CMakeFiles/cmTC_dee6c.dir/CheckFunctionExists.c.o  -o cmTC_dee6c -lpthreads 
/usr/bin/ld: cannot find -lpthreads
collect2: error: ld returned 1 exit status
CMakeFiles/cmTC_dee6c.dir/build.make:97: recipe for target 'cmTC_dee6c' failed
make[1]: *** [cmTC_dee6c] Error 1
make[1]: Leaving directory '/home/harshil/ws_moveit/build/bot_assembly_gazebo/CMakeFiles/CMakeTmp'
Makefile:126: recipe for target 'cmTC_dee6c/fast' failed
make: *** [cmTC_dee6c/fast] Error 2


