Determining if the pthread_create exist failed with the following output:
Change Dir: /home/harshil/ws_moveit/build/catkin_tools_prebuild/CMakeFiles/CMakeTmp

Run Build Command:"/usr/bin/make" "cmTC_bf336/fast"
/usr/bin/make -f CMakeFiles/cmTC_bf336.dir/build.make CMakeFiles/cmTC_bf336.dir/build
make[1]: Entering directory '/home/harshil/ws_moveit/build/catkin_tools_prebuild/CMakeFiles/CMakeTmp'
Building C object CMakeFiles/cmTC_bf336.dir/CheckSymbolExists.c.o
/usr/bin/cc    -o CMakeFiles/cmTC_bf336.dir/CheckSymbolExists.c.o   -c /home/harshil/ws_moveit/build/catkin_tools_prebuild/CMakeFiles/CMakeTmp/CheckSymbolExists.c
Linking C executable cmTC_bf336
/usr/bin/cmake -E cmake_link_script CMakeFiles/cmTC_bf336.dir/link.txt --verbose=1
/usr/bin/cc      -rdynamic CMakeFiles/cmTC_bf336.dir/CheckSymbolExists.c.o  -o cmTC_bf336 
CMakeFiles/cmTC_bf336.dir/CheckSymbolExists.c.o: In function `main':
CheckSymbolExists.c:(.text+0x1b): undefined reference to `pthread_create'
collect2: error: ld returned 1 exit status
CMakeFiles/cmTC_bf336.dir/build.make:97: recipe for target 'cmTC_bf336' failed
make[1]: *** [cmTC_bf336] Error 1
make[1]: Leaving directory '/home/harshil/ws_moveit/build/catkin_tools_prebuild/CMakeFiles/CMakeTmp'
Makefile:126: recipe for target 'cmTC_bf336/fast' failed
make: *** [cmTC_bf336/fast] Error 2

File /home/harshil/ws_moveit/build/catkin_tools_prebuild/CMakeFiles/CMakeTmp/CheckSymbolExists.c:
/* */
#include <pthread.h>

int main(int argc, char** argv)
{
  (void)argv;
#ifndef pthread_create
  return ((int*)(&pthread_create))[argc];
#else
  (void)argc;
  return 0;
#endif
}

Determining if the function pthread_create exists in the pthreads failed with the following output:
Change Dir: /home/harshil/ws_moveit/build/catkin_tools_prebuild/CMakeFiles/CMakeTmp

Run Build Command:"/usr/bin/make" "cmTC_20ffc/fast"
/usr/bin/make -f CMakeFiles/cmTC_20ffc.dir/build.make CMakeFiles/cmTC_20ffc.dir/build
make[1]: Entering directory '/home/harshil/ws_moveit/build/catkin_tools_prebuild/CMakeFiles/CMakeTmp'
Building C object CMakeFiles/cmTC_20ffc.dir/CheckFunctionExists.c.o
/usr/bin/cc   -DCHECK_FUNCTION_EXISTS=pthread_create   -o CMakeFiles/cmTC_20ffc.dir/CheckFunctionExists.c.o   -c /usr/share/cmake-3.10/Modules/CheckFunctionExists.c
Linking C executable cmTC_20ffc
/usr/bin/cmake -E cmake_link_script CMakeFiles/cmTC_20ffc.dir/link.txt --verbose=1
/usr/bin/cc  -DCHECK_FUNCTION_EXISTS=pthread_create    -rdynamic CMakeFiles/cmTC_20ffc.dir/CheckFunctionExists.c.o  -o cmTC_20ffc -lpthreads 
/usr/bin/ld: cannot find -lpthreads
collect2: error: ld returned 1 exit status
CMakeFiles/cmTC_20ffc.dir/build.make:97: recipe for target 'cmTC_20ffc' failed
make[1]: *** [cmTC_20ffc] Error 1
make[1]: Leaving directory '/home/harshil/ws_moveit/build/catkin_tools_prebuild/CMakeFiles/CMakeTmp'
Makefile:126: recipe for target 'cmTC_20ffc/fast' failed
make: *** [cmTC_20ffc/fast] Error 2


