Determining if the pthread_create exist failed with the following output:
Change Dir: /home/harshil/ws_moveit/build/bot_assembly_control/CMakeFiles/CMakeTmp

Run Build Command:"/usr/bin/make" "cmTC_4d599/fast"
/usr/bin/make -f CMakeFiles/cmTC_4d599.dir/build.make CMakeFiles/cmTC_4d599.dir/build
make[1]: Entering directory '/home/harshil/ws_moveit/build/bot_assembly_control/CMakeFiles/CMakeTmp'
Building C object CMakeFiles/cmTC_4d599.dir/CheckSymbolExists.c.o
/usr/bin/cc    -o CMakeFiles/cmTC_4d599.dir/CheckSymbolExists.c.o   -c /home/harshil/ws_moveit/build/bot_assembly_control/CMakeFiles/CMakeTmp/CheckSymbolExists.c
Linking C executable cmTC_4d599
/usr/bin/cmake -E cmake_link_script CMakeFiles/cmTC_4d599.dir/link.txt --verbose=1
/usr/bin/cc      -rdynamic CMakeFiles/cmTC_4d599.dir/CheckSymbolExists.c.o  -o cmTC_4d599 
CMakeFiles/cmTC_4d599.dir/CheckSymbolExists.c.o: In function `main':
CheckSymbolExists.c:(.text+0x1b): undefined reference to `pthread_create'
collect2: error: ld returned 1 exit status
CMakeFiles/cmTC_4d599.dir/build.make:97: recipe for target 'cmTC_4d599' failed
make[1]: *** [cmTC_4d599] Error 1
make[1]: Leaving directory '/home/harshil/ws_moveit/build/bot_assembly_control/CMakeFiles/CMakeTmp'
Makefile:126: recipe for target 'cmTC_4d599/fast' failed
make: *** [cmTC_4d599/fast] Error 2

File /home/harshil/ws_moveit/build/bot_assembly_control/CMakeFiles/CMakeTmp/CheckSymbolExists.c:
/* */
#include <pthread.h>

int main(int argc, char** argv)
{
  (void)argv;
#ifndef pthread_create
  return ((int*)(&pthread_create))[argc];
#else
  (void)argc;
  return 0;
#endif
}

Determining if the function pthread_create exists in the pthreads failed with the following output:
Change Dir: /home/harshil/ws_moveit/build/bot_assembly_control/CMakeFiles/CMakeTmp

Run Build Command:"/usr/bin/make" "cmTC_fcadb/fast"
/usr/bin/make -f CMakeFiles/cmTC_fcadb.dir/build.make CMakeFiles/cmTC_fcadb.dir/build
make[1]: Entering directory '/home/harshil/ws_moveit/build/bot_assembly_control/CMakeFiles/CMakeTmp'
Building C object CMakeFiles/cmTC_fcadb.dir/CheckFunctionExists.c.o
/usr/bin/cc   -DCHECK_FUNCTION_EXISTS=pthread_create   -o CMakeFiles/cmTC_fcadb.dir/CheckFunctionExists.c.o   -c /usr/share/cmake-3.10/Modules/CheckFunctionExists.c
Linking C executable cmTC_fcadb
/usr/bin/cmake -E cmake_link_script CMakeFiles/cmTC_fcadb.dir/link.txt --verbose=1
/usr/bin/cc  -DCHECK_FUNCTION_EXISTS=pthread_create    -rdynamic CMakeFiles/cmTC_fcadb.dir/CheckFunctionExists.c.o  -o cmTC_fcadb -lpthreads 
/usr/bin/ld: cannot find -lpthreads
collect2: error: ld returned 1 exit status
CMakeFiles/cmTC_fcadb.dir/build.make:97: recipe for target 'cmTC_fcadb' failed
make[1]: *** [cmTC_fcadb] Error 1
make[1]: Leaving directory '/home/harshil/ws_moveit/build/bot_assembly_control/CMakeFiles/CMakeTmp'
Makefile:126: recipe for target 'cmTC_fcadb/fast' failed
make: *** [cmTC_fcadb/fast] Error 2


